<?xml version="1.0" encoding="UTF-8"?>
<!-- Generated by org.testng.reporters.JUnitReportReporter -->
<testsuite name="com.testScriptSample.Login" tests="1" time="7.226" ignored="1" failures="0" timestamp="22 Jul 2017 12:49:33 GMT" skipped="0" hostname="BLR2DEVLP0932" errors="0">
  <testcase name="validLoginScenario" time="7.226" classname="com.testScriptSample.Login"/>
  <testcase name="invalidLoginScenario" classname="com.testScriptSample.Login">
    <skipped/>
  </testcase> <!-- invalidLoginScenario -->
</testsuite> <!-- com.testScriptSample.Login -->
