<?xml version="1.0" encoding="UTF-8"?>
<!-- Generated by org.testng.reporters.JUnitReportReporter -->
<testsuite name="com.testScriptSample.SearchScenario" tests="2" time="32.482" ignored="2" failures="0" timestamp="23 Jul 2017 06:44:51 GMT" skipped="0" hostname="BLR2DEVLP0932" errors="0">
  <testcase name="invalidSearchScenario" time="20.723" classname="com.testScriptSample.SearchScenario"/>
  <testcase name="validSearchScenario" time="11.759" classname="com.testScriptSample.SearchScenario"/>
  <testcase name="intializeSuite" classname="com.genericlibrary.BaseClass">
    <skipped/>
  </testcase> <!-- intializeSuite -->
  <testcase name="endSuite" classname="com.genericlibrary.BaseClass">
    <skipped/>
  </testcase> <!-- endSuite -->
</testsuite> <!-- com.testScriptSample.SearchScenario -->
